#
# There is insufficient memory for the Java Runtime Environment to continue.
# Native memory allocation (mmap) failed to map 4294967296 bytes for G1 virtual space
# Possible reasons:
#   The system is out of physical RAM or swap space
#   The process is running with CompressedOops enabled, and the Java Heap may be blocking the growth of the native heap
# Possible solutions:
#   Reduce memory load on the system
#   Increase physical memory or swap space
#   Check if swap backing store is full
#   Decrease Java heap size (-Xmx/-Xms)
#   Decrease number of Java threads
#   Decrease Java thread stack sizes (-Xss)
#   Set larger code cache with -XX:ReservedCodeCacheSize=
#   JVM is running with Zero Based Compressed Oops mode in which the Java heap is
#     placed in the first 32GB address space. The Java Heap base address is the
#     maximum limit for the native heap growth. Please use -XX:HeapBaseMinAddress
#     to set the Java Heap base and to place the Java Heap above 32GB virtual address.
# This output file may be truncated or incomplete.
#
#  Out of Memory Error (./open/src/hotspot/os/windows/os_windows.cpp:3472), pid=12656, tid=21968
#
# JRE version:  (15.0.1+9) (build )
# Java VM: OpenJDK 64-Bit Server VM (15.0.1+9-18, mixed mode, sharing, tiered, compressed oops, g1 gc, windows-amd64)
# No core dump will be written. Minidumps are not enabled by default on client versions of Windows
#

---------------  S U M M A R Y ------------

Command Line: -Xms4096m -Xmx8192m -javaagent:D:\IntelliJ IDEA 2020.2.1\lib\idea_rt.jar=2055:D:\IntelliJ IDEA 2020.2.1\bin -Dfile.encoding=UTF-8 org.example.Main

Host: Intel(R) Core(TM) i5-8250U CPU @ 1.60GHz, 8 cores, 7G,  Windows 10 , 64 bit Build 19041 (10.0.19041.1200)
Time: Thu Sep  2 17:29:54 2021 中国标准时间 elapsed time: 0.018992 seconds (0d 0h 0m 0s)

---------------  T H R E A D  ---------------

Current thread (0x00000151d2243980):  JavaThread "Unknown thread" [_thread_in_vm, id=21968, stack(0x000000409ff00000,0x00000040a0000000)]

Stack: [0x000000409ff00000,0x00000040a0000000]
Native frames: (J=compiled Java code, j=interpreted, Vv=VM code, C=native code)
V  [jvm.dll+0x62ae9a]
V  [jvm.dll+0x781389]
V  [jvm.dll+0x782ae3]
V  [jvm.dll+0x783143]
V  [jvm.dll+0x216265]
V  [jvm.dll+0x6281d9]
V  [jvm.dll+0x61cd15]
V  [jvm.dll+0x2d01fd]
V  [jvm.dll+0x2d0062]
V  [jvm.dll+0x2d603c]
V  [jvm.dll+0x325b2a]
V  [jvm.dll+0x3251f4]
V  [jvm.dll+0x2a717a]
V  [jvm.dll+0x2a8318]
V  [jvm.dll+0x75e101]
V  [jvm.dll+0x3343e4]
V  [jvm.dll+0x73e826]
V  [jvm.dll+0x3b7777]
V  [jvm.dll+0x3b9201]
C  [jli.dll+0x52fb]
C  [ucrtbase.dll+0x21bb2]
C  [KERNEL32.DLL+0x17034]
C  [ntdll.dll+0x52651]


---------------  P R O C E S S  ---------------

Threads class SMR info:
_java_thread_list=0x00007ffb167c4ff0, length=0, elements={
}

Java Threads: ( => current thread )

Other Threads:
  0x00000151d22b8ab0 GCTaskThread "GC Thread#0" [stack: 0x00000040a0000000,0x00000040a0100000] [id=21992]
  0x00000151d22c9c00 ConcurrentGCThread "G1 Main Marker" [stack: 0x00000040a0100000,0x00000040a0200000] [id=21008]
  0x00000151d22caf90 ConcurrentGCThread "G1 Conc#0" [stack: 0x00000040a0200000,0x00000040a0300000] [id=7816]

[error occurred during error reporting (printing all threads), id 0xc0000005, EXCEPTION_ACCESS_VIOLATION (0xc0000005) at pc=0x00007ffb15fb8047]

VM state: not at safepoint (not fully initialized)

VM Mutex/Monitor currently owned by a thread:  ([mutex/lock_event])
[0x00000151d2240440] Heap_lock - owner thread: 0x00000151d2243980

Heap address: 0x0000000600000000, size: 8192 MB, Compressed Oops mode: Zero based, Oop shift amount: 3
CDS archive(s) mapped at: [0x0000000000000000-0x0000000000000000-0x0000000000000000), size 0, SharedBaseAddress: 0x0000000800000000, ArchiveRelocationMode: 0.
Narrow klass base: 0x0000000000000000, Narrow klass shift: 0, Narrow klass range: 0x0

Heap:
 garbage-first heap   total 4194304K, used 0K [0x0000000600000000, 0x0000000800000000)
  region size 4096K, 0 young (0K), 0 survivors (0K)
 Metaspace       used 0K, capacity 0K, committed 0K, reserved 0K
  class space    used 0K, capacity 0K, committed 0K, reserved 0K

Heap Regions: E=young(eden), S=young(survivor), O=old, HS=humongous(starts), HC=humongous(continues), CS=collection set, F=free, OA=open archive, CA=closed archive, TAMS=top-at-mark-start (previous, next)

Card table byte_map: [0x00000151ea7a0000,0x00000151eb7a0000] _byte_map_base: 0x00000151e77a0000

Marking Bits (Prev, Next): (CMBitMap*) 0x00000151d22b92a0, (CMBitMap*) 0x00000151d22b92e0
 Prev Bits: [0x00000151ec7a0000, 0x00000151f47a0000)
 Next Bits: [0x00000151f47a0000, 0x00000151fc7a0000)

GC Heap History (0 events):
No events

Deoptimization events (0 events):
No events

Classes unloaded (0 events):
No events

Classes redefined (0 events):
No events

Internal exceptions (0 events):
No events

Events (1 events):
Event: 0.012 Loaded shared library C:\Users\75988\.jdks\openjdk-15.0.1\bin\java.dll


Dynamic libraries:
0x00007ff717c90000 - 0x00007ff717c9d000 	C:\Users\75988\.jdks\openjdk-15.0.1\bin\java.exe
0x00007ffb4bb30000 - 0x00007ffb4bd25000 	C:\WINDOWS\SYSTEM32\ntdll.dll
0x00007ffb4b330000 - 0x00007ffb4b3ee000 	C:\WINDOWS\System32\KERNEL32.DLL
0x00007ffb498b0000 - 0x00007ffb49b79000 	C:\WINDOWS\System32\KERNELBASE.dll
0x00007ffb49250000 - 0x00007ffb49350000 	C:\WINDOWS\System32\ucrtbase.dll
0x00007ffb445c0000 - 0x00007ffb445d8000 	C:\Users\75988\.jdks\openjdk-15.0.1\bin\jli.dll
0x00007ffb445a0000 - 0x00007ffb445b9000 	C:\Users\75988\.jdks\openjdk-15.0.1\bin\VCRUNTIME140.dll
0x00007ffb4a970000 - 0x00007ffb4ab11000 	C:\WINDOWS\System32\USER32.dll
0x00007ffb497e0000 - 0x00007ffb49802000 	C:\WINDOWS\System32\win32u.dll
0x00007ffb322e0000 - 0x00007ffb3257a000 	C:\WINDOWS\WinSxS\amd64_microsoft.windows.common-controls_6595b64144ccf1df_6.0.19041.1110_none_60b5254171f9507e\COMCTL32.dll
0x00007ffb4b2f0000 - 0x00007ffb4b31b000 	C:\WINDOWS\System32\GDI32.dll
0x00007ffb4a8d0000 - 0x00007ffb4a96e000 	C:\WINDOWS\System32\msvcrt.dll
0x00007ffb49450000 - 0x00007ffb4955b000 	C:\WINDOWS\System32\gdi32full.dll
0x00007ffb49810000 - 0x00007ffb498ad000 	C:\WINDOWS\System32\msvcp_win.dll
0x00007ffb4b770000 - 0x00007ffb4b7a0000 	C:\WINDOWS\System32\IMM32.DLL
0x00007ffb44590000 - 0x00007ffb4459c000 	C:\Users\75988\.jdks\openjdk-15.0.1\bin\vcruntime140_1.dll
0x00007ffb319b0000 - 0x00007ffb31a41000 	C:\Users\75988\.jdks\openjdk-15.0.1\bin\msvcp140.dll
0x00007ffb15d00000 - 0x00007ffb1685e000 	C:\Users\75988\.jdks\openjdk-15.0.1\bin\server\jvm.dll
0x00007ffb4a3a0000 - 0x00007ffb4a44c000 	C:\WINDOWS\System32\ADVAPI32.dll
0x00007ffb49cd0000 - 0x00007ffb49d6b000 	C:\WINDOWS\System32\sechost.dll
0x00007ffb4b7a0000 - 0x00007ffb4b8ca000 	C:\WINDOWS\System32\RPCRT4.dll
0x00007ffb49b80000 - 0x00007ffb49b88000 	C:\WINDOWS\System32\PSAPI.DLL
0x00007ffb34ed0000 - 0x00007ffb34ed9000 	C:\WINDOWS\SYSTEM32\WSOCK32.dll
0x00007ffb2e660000 - 0x00007ffb2e687000 	C:\WINDOWS\SYSTEM32\WINMM.dll
0x00007ffb3d550000 - 0x00007ffb3d55a000 	C:\WINDOWS\SYSTEM32\VERSION.dll
0x00007ffb4b700000 - 0x00007ffb4b76b000 	C:\WINDOWS\System32\WS2_32.dll
0x00007ffb47ac0000 - 0x00007ffb47ad2000 	C:\WINDOWS\SYSTEM32\kernel.appcore.dll
0x00007ffb43d60000 - 0x00007ffb43d6a000 	C:\Users\75988\.jdks\openjdk-15.0.1\bin\jimage.dll
0x00007ffb47780000 - 0x00007ffb47964000 	C:\WINDOWS\SYSTEM32\DBGHELP.DLL
0x00007ffb31e80000 - 0x00007ffb31eac000 	C:\WINDOWS\SYSTEM32\dbgcore.DLL
0x00007ffb49560000 - 0x00007ffb495e3000 	C:\WINDOWS\System32\bcryptPrimitives.dll
0x00007ffb43d10000 - 0x00007ffb43d1e000 	C:\Users\75988\.jdks\openjdk-15.0.1\bin\instrument.dll
0x00007ffb40c00000 - 0x00007ffb40c25000 	C:\Users\75988\.jdks\openjdk-15.0.1\bin\java.dll

dbghelp: loaded successfully - version: 4.0.5 - missing functions: none
symbol engine: initialized successfully - sym options: 0x614 - pdb path: .;C:\Users\75988\.jdks\openjdk-15.0.1\bin;C:\WINDOWS\SYSTEM32;C:\WINDOWS\WinSxS\amd64_microsoft.windows.common-controls_6595b64144ccf1df_6.0.19041.1110_none_60b5254171f9507e;C:\Users\75988\.jdks\openjdk-15.0.1\bin\server

VM Arguments:
jvm_args: -Xms4096m -Xmx8192m -javaagent:D:\IntelliJ IDEA 2020.2.1\lib\idea_rt.jar=2055:D:\IntelliJ IDEA 2020.2.1\bin -Dfile.encoding=UTF-8 
java_command: org.example.Main
java_class_path (initial): D:\Java\CertificateUtil\target\classes;C:\Users\75988\.m2\repository\junit\junit\4.12\junit-4.12.jar;C:\Users\75988\.m2\repository\org\hamcrest\hamcrest-core\1.3\hamcrest-core-1.3.jar;C:\Users\75988\.m2\repository\com\squareup\okhttp3\okhttp\3.14.0\okhttp-3.14.0.jar;C:\Users\75988\.m2\repository\com\squareup\okio\okio\1.17.2\okio-1.17.2.jar;C:\Users\75988\.m2\repository\org\apache\poi\poi\3.16\poi-3.16.jar;C:\Users\75988\.m2\repository\commons-codec\commons-codec\1.10\commons-codec-1.10.jar;C:\Users\75988\.m2\repository\org\apache\commons\commons-collections4\4.1\commons-collections4-4.1.jar;C:\Users\75988\.m2\repository\org\apache\poi\poi-ooxml\3.14\poi-ooxml-3.14.jar;C:\Users\75988\.m2\repository\org\apache\poi\poi-ooxml-schemas\3.14\poi-ooxml-schemas-3.14.jar;C:\Users\75988\.m2\repository\org\apache\xmlbeans\xmlbeans\2.6.0\xmlbeans-2.6.0.jar;C:\Users\75988\.m2\repository\stax\stax-api\1.0.1\stax-api-1.0.1.jar;C:\Users\75988\.m2\repository\com\github\virtuald\curvesapi\1.03\curvesapi-1.03.jar;C:\Users\75988\.m2\repository\net\sourceforge\jexcelapi\jxl\2.6.10\jxl-2.6.10.jar;C:\Users\75988\.m2\repository\log4j\log4j\1.2.14\log4j-1.2.14.jar;C:\Users\75988\.m2\repository\org\testng\testng\7.4.0\testng-7.4.0.jar;C:\Users\75988\.m2\repository\com\beust\jcommander\1.78\jcommander-1.78.jar;C:\Users\75988\.m2\repository\org\webjars\jquery\3.5.1\jquery-3.5.1.jar
Launcher Type: SUN_STANDARD

[Global flags]
     intx CICompilerCount                          = 4                                         {product} {ergonomic}
     uint ConcGCThreads                            = 2                                         {product} {ergonomic}
     uint G1ConcRefinementThreads                  = 8                                         {product} {ergonomic}
   size_t G1HeapRegionSize                         = 4194304                                   {product} {ergonomic}
    uintx GCDrainStackTargetSize                   = 64                                        {product} {ergonomic}
   size_t InitialHeapSize                          = 4294967296                                {product} {command line}
   size_t MarkStackSize                            = 4194304                                   {product} {ergonomic}
   size_t MaxHeapSize                              = 8589934592                                {product} {command line}
   size_t MinHeapDeltaBytes                        = 4194304                                   {product} {ergonomic}
   size_t MinHeapSize                              = 4294967296                                {product} {command line}
    uintx NonNMethodCodeHeapSize                   = 5839372                                {pd product} {ergonomic}
    uintx NonProfiledCodeHeapSize                  = 122909434                              {pd product} {ergonomic}
    uintx ProfiledCodeHeapSize                     = 122909434                              {pd product} {ergonomic}
    uintx ReservedCodeCacheSize                    = 251658240                              {pd product} {ergonomic}
     bool SegmentedCodeCache                       = true                                      {product} {ergonomic}
   size_t SoftMaxHeapSize                          = 8589934592                             {manageable} {ergonomic}
     bool UseCompressedClassPointers               = true                                 {lp64_product} {ergonomic}
     bool UseCompressedOops                        = true                                 {lp64_product} {ergonomic}
     bool UseG1GC                                  = true                                      {product} {ergonomic}
     bool UseLargePagesIndividualAllocation        = false                                  {pd product} {ergonomic}

Logging:
Log output configuration:
 #0: stdout all=warning uptime,level,tags
 #1: stderr all=off uptime,level,tags

Environment Variables:
JAVA_HOME=C:\Program Files\Java\jdk-13.0.2
CLASSPATH=.;C:\Program Files\Java\jdk-13.0.2\lib
PATH=D:\VMware\bin\;C:\Program Files (x86)\Intel\Intel(R) Management Engine Components\iCLS\;C:\Program Files\Intel\Intel(R) Management Engine Components\iCLS\;C:\WINDOWS\system32;C:\WINDOWS;C:\WINDOWS\System32\Wbem;C:\WINDOWS\System32\WindowsPowerShell\v1.0\;C:\WINDOWS\System32\OpenSSH\;D:\Edu\runtime\win64;D:\Edu\bin;C:\Program Files (x86)\Intel\Intel(R) Management Engine Components\DAL;C:\Program Files\Intel\Intel(R) Management Engine Components\DAL;C:\Program Files\Java\jdk-13.0.2\bin;D:\MySQL\mysql-8.0.22-winx64\bin;D:\Git\cmd;D:\maven\apache-maven-3.8.1\bin;"C:\WINDOWS\system32;C:\WINDOWS\System32\Wbem";D:\Android\SDK\platform-tools;D:\openssl\OpenSSL-Win64\bin;D:\gradle\gradle-7.1.1\bin;C:\Users\75988\AppData\Local\Programs\Python\Python37-32\Scripts\;C:\Users\75988\AppData\Local\Programs\Python\Python37-32\;C:\Users\75988\AppData\Local\Programs\Python\Python39\Scripts\;C:\Users\75988\AppData\Local\Programs\Python\Python39\;C:\Users\75988\AppData\Local\Microsoft\WindowsApps;D:\Modelsim\win64;C:\WINDOWS\System32\Wbem;D:\pycharm\PyCharm Community Edition 2021.1.3\bin;;D:\Ubuntu\Microsoft VS Code\bin;C:\ProgramData\75988\GitHubDesktop\bin
USERNAME=75988
OS=Windows_NT
PROCESSOR_IDENTIFIER=Intel64 Family 6 Model 142 Stepping 10, GenuineIntel



---------------  S Y S T E M  ---------------

OS:
 Windows 10 , 64 bit Build 19041 (10.0.19041.1200)
OS uptime: 1 days 6:53 hours
HyperV virtualization detected

CPU: total 8 (initial active 8) (4 cores per cpu, 2 threads per core) family 6 model 142 stepping 10 microcode 0xea, cmov, cx8, fxsr, mmx, sse, sse2, sse3, ssse3, sse4.1, sse4.2, popcnt, vzeroupper, avx, avx2, aes, clmul, erms, 3dnowpref, lzcnt, ht, tsc, tscinvbit, bmi1, bmi2, adx, fma, clflush, clflushopt

Memory: 4k page, system-wide physical 7915M (1608M free)
TotalPageFile size 19446M (AvailPageFile size 2174M)
current process WorkingSet (physical memory assigned to process): 10M, peak: 10M
current process commit charge ("private bytes"): 60M, peak: 4156M

vm_info: OpenJDK 64-Bit Server VM (15.0.1+9-18) for windows-amd64 JRE (15.0.1+9-18), built on Sep 15 2020 14:39:31 by "mach5one" with unknown MS VC++:1925

END.
